<?xml version="1.0" encoding="UTF-8"?>
<!-- Generated by org.testng.reporters.JUnitXMLReporter -->
<testsuite ignored="0" hostname="inlen8520040228" failures="0" tests="8" name="Test" time="52.564" errors="0" timestamp="2024-05-18T21:58:36 IST">
  <testcase classname="com.DemoCarDekhoHybridFramework.qa.testCase.FindNewCarTest" name="findNewCar" time="13.273"/>
  <testcase classname="com.DemoCarDekhoHybridFramework.qa.testCase.FindNewCarTest" name="findNewCar" time="12.933"/>
  <testcase classname="com.DemoCarDekhoHybridFramework.qa.testCase.FindNewCarTest" name="findNewCar" time="0.002">
    <skipped/>
  </testcase> <!-- findNewCar -->
  <testcase classname="com.DemoCarDekhoHybridFramework.qa.testCase.FindNewCarTest" name="findNewCar" time="0.002">
    <skipped/>
  </testcase> <!-- findNewCar -->
  <testcase classname="com.DemoCarDekhoHybridFramework.qa.testCase.CarNameAndPriceTest" name="carNameAndPrice" time="0.001">
    <skipped/>
  </testcase> <!-- carNameAndPrice -->
  <testcase classname="com.DemoCarDekhoHybridFramework.qa.testCase.CarNameAndPriceTest" name="carNameAndPrice" time="0.001">
    <skipped/>
  </testcase> <!-- carNameAndPrice -->
  <testcase classname="com.DemoCarDekhoHybridFramework.qa.testCase.CarNameAndPriceTest" name="carNameAndPrice" time="9.728"/>
  <testcase classname="com.DemoCarDekhoHybridFramework.qa.testCase.CarNameAndPriceTest" name="carNameAndPrice" time="11.248"/>
</testsuite> <!-- Test -->
